Bible	Language	Token	Count
ces-x-bible-kralicka.txt	Czech.txt	p	80485
ces-x-bible-kralicka.txt	Czech.txt	b	65060
ces-x-bible-kralicka.txt	Czech.txt	t	140100
ces-x-bible-kralicka.txt	Czech.txt	d	108524
ces-x-bible-kralicka.txt	Czech.txt	c	???
ces-x-bible-kralicka.txt	Czech.txt	ɟ	???
ces-x-bible-kralicka.txt	Czech.txt	k	93730
ces-x-bible-kralicka.txt	Czech.txt	g	2439
ces-x-bible-kralicka.txt	Czech.txt	ʔ	???
ces-x-bible-kralicka.txt	Czech.txt	m(m, m̩)	97233
ces-x-bible-kralicka.txt	Czech.txt	n(n, ɱ, ŋ)	146769
ces-x-bible-kralicka.txt	Czech.txt	ɲ	1396
ces-x-bible-kralicka.txt	Czech.txt	f	3057
ces-x-bible-kralicka.txt	Czech.txt	v	122869
ces-x-bible-kralicka.txt	Czech.txt	s	134316
ces-x-bible-kralicka.txt	Czech.txt	z	54014
ces-x-bible-kralicka.txt	Czech.txt	ʃ	32626
ces-x-bible-kralicka.txt	Czech.txt	ʒ	51218
ces-x-bible-kralicka.txt	Czech.txt	x(x, ɣ)	28373
ces-x-bible-kralicka.txt	Czech.txt	ɦ	50853
ces-x-bible-kralicka.txt	Czech.txt	ts(ts, dz)	29377
ces-x-bible-kralicka.txt	Czech.txt	tʃ(tʃ, dʒ)	16936
ces-x-bible-kralicka.txt	Czech.txt	r(r, r̩)	74086
ces-x-bible-kralicka.txt	Czech.txt	r̝	36167
ces-x-bible-kralicka.txt	Czech.txt	j	121739
ces-x-bible-kralicka.txt	Czech.txt	l(l, l̩)	128359
ces-x-bible-kralicka.txt	Czech.txt	ɪ	149191
ces-x-bible-kralicka.txt	Czech.txt	ɛ	221905
ces-x-bible-kralicka.txt	Czech.txt	a	189719
ces-x-bible-kralicka.txt	Czech.txt	o	204541
ces-x-bible-kralicka.txt	Czech.txt	u	65034
ces-x-bible-kralicka.txt	Czech.txt	iː	90682
ces-x-bible-kralicka.txt	Czech.txt	ɛː	35492
ces-x-bible-kralicka.txt	Czech.txt	aː	52635
ces-x-bible-kralicka.txt	Czech.txt	oː	599
ces-x-bible-kralicka.txt	Czech.txt	uː	14833
ces-x-bible-kralicka.txt	Czech.txt	ou	18811
ces-x-bible-kralicka.txt	Czech.txt	au	646
ces-x-bible-kralicka.txt	Czech.txt	ɛu	686
ces-x-bible-ekumenicky.txt	Czech.txt	p	82736
ces-x-bible-ekumenicky.txt	Czech.txt	b	55259
ces-x-bible-ekumenicky.txt	Czech.txt	t	128514
ces-x-bible-ekumenicky.txt	Czech.txt	d	111219
ces-x-bible-ekumenicky.txt	Czech.txt	c	???
ces-x-bible-ekumenicky.txt	Czech.txt	ɟ	???
ces-x-bible-ekumenicky.txt	Czech.txt	k	83957
ces-x-bible-ekumenicky.txt	Czech.txt	g	2566
ces-x-bible-ekumenicky.txt	Czech.txt	ʔ	???
ces-x-bible-ekumenicky.txt	Czech.txt	m(m, m̩)	97068
ces-x-bible-ekumenicky.txt	Czech.txt	n(n, ɱ, ŋ)	143293
ces-x-bible-ekumenicky.txt	Czech.txt	ɲ	1402
ces-x-bible-ekumenicky.txt	Czech.txt	f	2195
ces-x-bible-ekumenicky.txt	Czech.txt	v	118487
ces-x-bible-ekumenicky.txt	Czech.txt	s	126006
ces-x-bible-ekumenicky.txt	Czech.txt	z	54450
ces-x-bible-ekumenicky.txt	Czech.txt	ʃ	32688
ces-x-bible-ekumenicky.txt	Czech.txt	ʒ	33710
ces-x-bible-ekumenicky.txt	Czech.txt	x(x, ɣ)	27406
ces-x-bible-ekumenicky.txt	Czech.txt	ɦ	48315
ces-x-bible-ekumenicky.txt	Czech.txt	ts(ts, dz)	26735
ces-x-bible-ekumenicky.txt	Czech.txt	tʃ(tʃ, dʒ)	14670
ces-x-bible-ekumenicky.txt	Czech.txt	r(r, r̩)	76527
ces-x-bible-ekumenicky.txt	Czech.txt	r̝	34775
ces-x-bible-ekumenicky.txt	Czech.txt	j	114989
ces-x-bible-ekumenicky.txt	Czech.txt	l(l, l̩)	127011
ces-x-bible-ekumenicky.txt	Czech.txt	ɪ	125392
ces-x-bible-ekumenicky.txt	Czech.txt	ɛ	214510
ces-x-bible-ekumenicky.txt	Czech.txt	a	173693
ces-x-bible-ekumenicky.txt	Czech.txt	o	201439
ces-x-bible-ekumenicky.txt	Czech.txt	u	63879
ces-x-bible-ekumenicky.txt	Czech.txt	iː	84552
ces-x-bible-ekumenicky.txt	Czech.txt	ɛː	28467
ces-x-bible-ekumenicky.txt	Czech.txt	aː	58452
ces-x-bible-ekumenicky.txt	Czech.txt	oː	4208
ces-x-bible-ekumenicky.txt	Czech.txt	uː	16216
ces-x-bible-ekumenicky.txt	Czech.txt	ou	18917
ces-x-bible-ekumenicky.txt	Czech.txt	au	629
ces-x-bible-ekumenicky.txt	Czech.txt	ɛu	637
ces-x-bible-bible21.txt	Czech.txt	p	79405
ces-x-bible-bible21.txt	Czech.txt	b	51180
ces-x-bible-bible21.txt	Czech.txt	t	125386
ces-x-bible-bible21.txt	Czech.txt	d	107321
ces-x-bible-bible21.txt	Czech.txt	c	???
ces-x-bible-bible21.txt	Czech.txt	ɟ	???
ces-x-bible-bible21.txt	Czech.txt	k	84410
ces-x-bible-bible21.txt	Czech.txt	g	2620
ces-x-bible-bible21.txt	Czech.txt	ʔ	???
ces-x-bible-bible21.txt	Czech.txt	m(m, m̩)	96006
ces-x-bible-bible21.txt	Czech.txt	n(n, ɱ, ŋ)	138395
ces-x-bible-bible21.txt	Czech.txt	ɲ	1370
ces-x-bible-bible21.txt	Czech.txt	f	2471
ces-x-bible-bible21.txt	Czech.txt	v	112885
ces-x-bible-bible21.txt	Czech.txt	s	120947
ces-x-bible-bible21.txt	Czech.txt	z	53400
ces-x-bible-bible21.txt	Czech.txt	ʃ	32261
ces-x-bible-bible21.txt	Czech.txt	ʒ	32639
ces-x-bible-bible21.txt	Czech.txt	x(x, ɣ)	28475
ces-x-bible-bible21.txt	Czech.txt	ɦ	46819
ces-x-bible-bible21.txt	Czech.txt	ts(ts, dz)	26295
ces-x-bible-bible21.txt	Czech.txt	tʃ(tʃ, dʒ)	13951
ces-x-bible-bible21.txt	Czech.txt	r(r, r̩)	73877
ces-x-bible-bible21.txt	Czech.txt	r̝	32113
ces-x-bible-bible21.txt	Czech.txt	j	111824
ces-x-bible-bible21.txt	Czech.txt	l(l, l̩)	123637
ces-x-bible-bible21.txt	Czech.txt	ɪ	123869
ces-x-bible-bible21.txt	Czech.txt	ɛ	207612
ces-x-bible-bible21.txt	Czech.txt	a	174747
ces-x-bible-bible21.txt	Czech.txt	o	192384
ces-x-bible-bible21.txt	Czech.txt	u	59333
ces-x-bible-bible21.txt	Czech.txt	iː	81163
ces-x-bible-bible21.txt	Czech.txt	ɛː	25963
ces-x-bible-bible21.txt	Czech.txt	aː	56190
ces-x-bible-bible21.txt	Czech.txt	oː	79
ces-x-bible-bible21.txt	Czech.txt	uː	16155
ces-x-bible-bible21.txt	Czech.txt	ou	18363
ces-x-bible-bible21.txt	Czech.txt	au	607
ces-x-bible-bible21.txt	Czech.txt	ɛu	607
ces-x-bible-newworld.txt	Czech.txt	p	85916
ces-x-bible-newworld.txt	Czech.txt	b	62141
ces-x-bible-newworld.txt	Czech.txt	t	156688
ces-x-bible-newworld.txt	Czech.txt	d	117497
ces-x-bible-newworld.txt	Czech.txt	c	???
ces-x-bible-newworld.txt	Czech.txt	ɟ	???
ces-x-bible-newworld.txt	Czech.txt	k	99143
ces-x-bible-newworld.txt	Czech.txt	g	2850
ces-x-bible-newworld.txt	Czech.txt	ʔ	???
ces-x-bible-newworld.txt	Czech.txt	m(m, m̩)	111468
ces-x-bible-newworld.txt	Czech.txt	n(n, ɱ, ŋ)	158033
ces-x-bible-newworld.txt	Czech.txt	ɲ	1822
ces-x-bible-newworld.txt	Czech.txt	f	2671
ces-x-bible-newworld.txt	Czech.txt	v	137154
ces-x-bible-newworld.txt	Czech.txt	s	138592
ces-x-bible-newworld.txt	Czech.txt	z	58435
ces-x-bible-newworld.txt	Czech.txt	ʃ	33758
ces-x-bible-newworld.txt	Czech.txt	ʒ	38897
ces-x-bible-newworld.txt	Czech.txt	x(x, ɣ)	30901
ces-x-bible-newworld.txt	Czech.txt	ɦ	53074
ces-x-bible-newworld.txt	Czech.txt	ts(ts, dz)	30473
ces-x-bible-newworld.txt	Czech.txt	tʃ(tʃ, dʒ)	19947
ces-x-bible-newworld.txt	Czech.txt	r(r, r̩)	85783
ces-x-bible-newworld.txt	Czech.txt	r̝	40572
ces-x-bible-newworld.txt	Czech.txt	j	141792
ces-x-bible-newworld.txt	Czech.txt	l(l, l̩)	146656
ces-x-bible-newworld.txt	Czech.txt	ɪ	135306
ces-x-bible-newworld.txt	Czech.txt	ɛ	251995
ces-x-bible-newworld.txt	Czech.txt	a	226616
ces-x-bible-newworld.txt	Czech.txt	o	224279
ces-x-bible-newworld.txt	Czech.txt	u	73904
ces-x-bible-newworld.txt	Czech.txt	iː	94297
ces-x-bible-newworld.txt	Czech.txt	ɛː	32857
ces-x-bible-newworld.txt	Czech.txt	aː	61400
ces-x-bible-newworld.txt	Czech.txt	oː	688
ces-x-bible-newworld.txt	Czech.txt	uː	18076
ces-x-bible-newworld.txt	Czech.txt	ou	21809
ces-x-bible-newworld.txt	Czech.txt	au	735
ces-x-bible-newworld.txt	Czech.txt	ɛu	1181
ces-x-bible-novakarlica.txt	Czech.txt	p	17622
ces-x-bible-novakarlica.txt	Czech.txt	b	12860
ces-x-bible-novakarlica.txt	Czech.txt	t	33350
ces-x-bible-novakarlica.txt	Czech.txt	d	25356
ces-x-bible-novakarlica.txt	Czech.txt	c	???
ces-x-bible-novakarlica.txt	Czech.txt	ɟ	???
ces-x-bible-novakarlica.txt	Czech.txt	k	22486
ces-x-bible-novakarlica.txt	Czech.txt	g	435
ces-x-bible-novakarlica.txt	Czech.txt	ʔ	???
ces-x-bible-novakarlica.txt	Czech.txt	m(m, m̩)	23092
ces-x-bible-novakarlica.txt	Czech.txt	n(n, ɱ, ŋ)	33552
ces-x-bible-novakarlica.txt	Czech.txt	ɲ	291
ces-x-bible-novakarlica.txt	Czech.txt	f	429
ces-x-bible-novakarlica.txt	Czech.txt	v	27479
ces-x-bible-novakarlica.txt	Czech.txt	s	27846
ces-x-bible-novakarlica.txt	Czech.txt	z	11911
ces-x-bible-novakarlica.txt	Czech.txt	ʃ	8057
ces-x-bible-novakarlica.txt	Czech.txt	ʒ	10283
ces-x-bible-novakarlica.txt	Czech.txt	x(x, ɣ)	6057
ces-x-bible-novakarlica.txt	Czech.txt	ɦ	9564
ces-x-bible-novakarlica.txt	Czech.txt	ts(ts, dz)	5956
ces-x-bible-novakarlica.txt	Czech.txt	tʃ(tʃ, dʒ)	3572
ces-x-bible-novakarlica.txt	Czech.txt	r(r, r̩)	15202
ces-x-bible-novakarlica.txt	Czech.txt	r̝	9238
ces-x-bible-novakarlica.txt	Czech.txt	j	28392
ces-x-bible-novakarlica.txt	Czech.txt	l(l, l̩)	31617
ces-x-bible-novakarlica.txt	Czech.txt	ɪ	29320
ces-x-bible-novakarlica.txt	Czech.txt	ɛ	54412
ces-x-bible-novakarlica.txt	Czech.txt	a	42433
ces-x-bible-novakarlica.txt	Czech.txt	o	44328
ces-x-bible-novakarlica.txt	Czech.txt	u	14049
ces-x-bible-novakarlica.txt	Czech.txt	iː	21027
ces-x-bible-novakarlica.txt	Czech.txt	ɛː	5973
ces-x-bible-novakarlica.txt	Czech.txt	aː	13499
ces-x-bible-novakarlica.txt	Czech.txt	oː	42
ces-x-bible-novakarlica.txt	Czech.txt	uː	2885
ces-x-bible-novakarlica.txt	Czech.txt	ou	3803
ces-x-bible-novakarlica.txt	Czech.txt	au	82
ces-x-bible-novakarlica.txt	Czech.txt	ɛu	209
ces-x-bible-living.txt	Czech.txt	p	19241
ces-x-bible-living.txt	Czech.txt	b	12343
ces-x-bible-living.txt	Czech.txt	t	34401
ces-x-bible-living.txt	Czech.txt	d	25268
ces-x-bible-living.txt	Czech.txt	c	???
ces-x-bible-living.txt	Czech.txt	ɟ	???
ces-x-bible-living.txt	Czech.txt	k	20832
ces-x-bible-living.txt	Czech.txt	g	381
ces-x-bible-living.txt	Czech.txt	ʔ	???
ces-x-bible-living.txt	Czech.txt	m(m, m̩)	23887
ces-x-bible-living.txt	Czech.txt	n(n, ɱ, ŋ)	34203
ces-x-bible-living.txt	Czech.txt	ɲ	340
ces-x-bible-living.txt	Czech.txt	f	451
ces-x-bible-living.txt	Czech.txt	v	29178
ces-x-bible-living.txt	Czech.txt	s	30503
ces-x-bible-living.txt	Czech.txt	z	12961
ces-x-bible-living.txt	Czech.txt	ʃ	8231
ces-x-bible-living.txt	Czech.txt	ʒ	11115
ces-x-bible-living.txt	Czech.txt	x(x, ɣ)	6059
ces-x-bible-living.txt	Czech.txt	ɦ	9813
ces-x-bible-living.txt	Czech.txt	ts(ts, dz)	6297
ces-x-bible-living.txt	Czech.txt	tʃ(tʃ, dʒ)	4409
ces-x-bible-living.txt	Czech.txt	r(r, r̩)	16748
ces-x-bible-living.txt	Czech.txt	r̝	9263
ces-x-bible-living.txt	Czech.txt	j	29650
ces-x-bible-living.txt	Czech.txt	l(l, l̩)	30302
ces-x-bible-living.txt	Czech.txt	ɪ	29855
ces-x-bible-living.txt	Czech.txt	ɛ	53949
ces-x-bible-living.txt	Czech.txt	a	41579
ces-x-bible-living.txt	Czech.txt	o	47125
ces-x-bible-living.txt	Czech.txt	u	14739
ces-x-bible-living.txt	Czech.txt	iː	22733
ces-x-bible-living.txt	Czech.txt	ɛː	5904
ces-x-bible-living.txt	Czech.txt	aː	14507
ces-x-bible-living.txt	Czech.txt	oː	69
ces-x-bible-living.txt	Czech.txt	uː	3370
ces-x-bible-living.txt	Czech.txt	ou	4085
ces-x-bible-living.txt	Czech.txt	au	115
ces-x-bible-living.txt	Czech.txt	ɛu	180
ces-x-bible-preklad.txt	Czech.txt	p	17165
ces-x-bible-preklad.txt	Czech.txt	b	13036
ces-x-bible-preklad.txt	Czech.txt	t	31863
ces-x-bible-preklad.txt	Czech.txt	d	23711
ces-x-bible-preklad.txt	Czech.txt	c	???
ces-x-bible-preklad.txt	Czech.txt	ɟ	???
ces-x-bible-preklad.txt	Czech.txt	k	20404
ces-x-bible-preklad.txt	Czech.txt	g	471
ces-x-bible-preklad.txt	Czech.txt	ʔ	???
ces-x-bible-preklad.txt	Czech.txt	m(m, m̩)	22759
ces-x-bible-preklad.txt	Czech.txt	n(n, ɱ, ŋ)	34429
ces-x-bible-preklad.txt	Czech.txt	ɲ	325
ces-x-bible-preklad.txt	Czech.txt	f	422
ces-x-bible-preklad.txt	Czech.txt	v	27968
ces-x-bible-preklad.txt	Czech.txt	s	27901
ces-x-bible-preklad.txt	Czech.txt	z	11965
ces-x-bible-preklad.txt	Czech.txt	ʃ	7623
ces-x-bible-preklad.txt	Czech.txt	ʒ	9729
ces-x-bible-preklad.txt	Czech.txt	x(x, ɣ)	6017
ces-x-bible-preklad.txt	Czech.txt	ɦ	9340
ces-x-bible-preklad.txt	Czech.txt	ts(ts, dz)	5874
ces-x-bible-preklad.txt	Czech.txt	tʃ(tʃ, dʒ)	4117
ces-x-bible-preklad.txt	Czech.txt	r(r, r̩)	15661
ces-x-bible-preklad.txt	Czech.txt	r̝	8992
ces-x-bible-preklad.txt	Czech.txt	j	28019
ces-x-bible-preklad.txt	Czech.txt	l(l, l̩)	30646
ces-x-bible-preklad.txt	Czech.txt	ɪ	29996
ces-x-bible-preklad.txt	Czech.txt	ɛ	52985
ces-x-bible-preklad.txt	Czech.txt	a	40539
ces-x-bible-preklad.txt	Czech.txt	o	44213
ces-x-bible-preklad.txt	Czech.txt	u	14543
ces-x-bible-preklad.txt	Czech.txt	iː	20810
ces-x-bible-preklad.txt	Czech.txt	ɛː	5848
ces-x-bible-preklad.txt	Czech.txt	aː	13420
ces-x-bible-preklad.txt	Czech.txt	oː	143
ces-x-bible-preklad.txt	Czech.txt	uː	2780
ces-x-bible-preklad.txt	Czech.txt	ou	3886
ces-x-bible-preklad.txt	Czech.txt	au	94
ces-x-bible-preklad.txt	Czech.txt	ɛu	227
est-x-bible-newworld2009.txt	Estonian.txt	p	11800
est-x-bible-newworld2009.txt	Estonian.txt	t	57177
est-x-bible-newworld2009.txt	Estonian.txt	tʲ	33814
est-x-bible-newworld2009.txt	Estonian.txt	k	33337
est-x-bible-newworld2009.txt	Estonian.txt	m(m, m̥)	29819
est-x-bible-newworld2009.txt	Estonian.txt	n(n, n̥)	39264
est-x-bible-newworld2009.txt	Estonian.txt	nʲ	???
est-x-bible-newworld2009.txt	Estonian.txt	r(r, r̥)	15862
est-x-bible-newworld2009.txt	Estonian.txt	f	210
est-x-bible-newworld2009.txt	Estonian.txt	v(v, v̥)	14723
est-x-bible-newworld2009.txt	Estonian.txt	s	72150
est-x-bible-newworld2009.txt	Estonian.txt	ʃ	2
est-x-bible-newworld2009.txt	Estonian.txt	sʲ	???
est-x-bible-newworld2009.txt	Estonian.txt	h(h, h̬)	11467
est-x-bible-newworld2009.txt	Estonian.txt	l(l, l̥)	44643
est-x-bible-newworld2009.txt	Estonian.txt	lʲ	???
est-x-bible-newworld2009.txt	Estonian.txt	j	18520
est-x-bible-newworld2009.txt	Estonian.txt	pː	???
est-x-bible-newworld2009.txt	Estonian.txt	tː	???
est-x-bible-newworld2009.txt	Estonian.txt	tʲː	???
est-x-bible-newworld2009.txt	Estonian.txt	kː	???
est-x-bible-newworld2009.txt	Estonian.txt	sː	???
est-x-bible-newworld2009.txt	Estonian.txt	sʲː	???
est-x-bible-newworld2009.txt	Estonian.txt	ʃː	???
est-x-bible-newworld2009.txt	Estonian.txt	fː	???
est-x-bible-newworld2009.txt	Estonian.txt	i	41836
est-x-bible-newworld2009.txt	Estonian.txt	iˑ	???
est-x-bible-newworld2009.txt	Estonian.txt	iː	3840
est-x-bible-newworld2009.txt	Estonian.txt	iːː	???
est-x-bible-newworld2009.txt	Estonian.txt	y	6449
est-x-bible-newworld2009.txt	Estonian.txt	yˑ	???
est-x-bible-newworld2009.txt	Estonian.txt	yː	865
est-x-bible-newworld2009.txt	Estonian.txt	yːː	???
est-x-bible-newworld2009.txt	Estonian.txt	e(e, e̞, e̝, e̟)	67624
est-x-bible-newworld2009.txt	Estonian.txt	eˑ(eˑ, e̞ˑ)	???
est-x-bible-newworld2009.txt	Estonian.txt	eː	6983
est-x-bible-newworld2009.txt	Estonian.txt	eːː	???
est-x-bible-newworld2009.txt	Estonian.txt	ø	9
est-x-bible-newworld2009.txt	Estonian.txt	øˑ	???
est-x-bible-newworld2009.txt	Estonian.txt	øː	654
est-x-bible-newworld2009.txt	Estonian.txt	øːː	???
est-x-bible-newworld2009.txt	Estonian.txt	æ	6212
est-x-bible-newworld2009.txt	Estonian.txt	æˑ	???
est-x-bible-newworld2009.txt	Estonian.txt	æː	???
est-x-bible-newworld2009.txt	Estonian.txt	æːː	???
est-x-bible-newworld2009.txt	Estonian.txt	u(u, u̟)	33985
est-x-bible-newworld2009.txt	Estonian.txt	uˑ	???
est-x-bible-newworld2009.txt	Estonian.txt	uː	3213
est-x-bible-newworld2009.txt	Estonian.txt	uːː	???
est-x-bible-newworld2009.txt	Estonian.txt	ɤ(ɤ, ɯ, ɘ)	???
est-x-bible-newworld2009.txt	Estonian.txt	ɤˑ	???
est-x-bible-newworld2009.txt	Estonian.txt	ɤː	???
est-x-bible-newworld2009.txt	Estonian.txt	ɤːː	???
est-x-bible-newworld2009.txt	Estonian.txt	o	14723
est-x-bible-newworld2009.txt	Estonian.txt	oˑ	???
est-x-bible-newworld2009.txt	Estonian.txt	oː	2564
est-x-bible-newworld2009.txt	Estonian.txt	oːː	???
est-x-bible-newworld2009.txt	Estonian.txt	ɑ(ɑ, ɑ̟, ɑ̟)	83126
est-x-bible-newworld2009.txt	Estonian.txt	ɑˑ	???
est-x-bible-newworld2009.txt	Estonian.txt	ɑː	5011
est-x-bible-newworld2009.txt	Estonian.txt	ɑːː	???
est-x-bible-newworld2009.txt	Estonian.txt	eɑ	3238
est-x-bible-newworld2009.txt	Estonian.txt	iɑ	290
est-x-bible-newworld2009.txt	Estonian.txt	oɑ	30
est-x-bible-newworld2009.txt	Estonian.txt	uɑ	70
est-x-bible-newworld2009.txt	Estonian.txt	ɤɑ	9
est-x-bible-newworld2009.txt	Estonian.txt	øɑ	???
est-x-bible-newworld2009.txt	Estonian.txt	yɑ	7
est-x-bible-newworld2009.txt	Estonian.txt	ɑe	865
est-x-bible-newworld2009.txt	Estonian.txt	ie	78
est-x-bible-newworld2009.txt	Estonian.txt	oe	386
est-x-bible-newworld2009.txt	Estonian.txt	ue	34
est-x-bible-newworld2009.txt	Estonian.txt	ɤe	347
est-x-bible-newworld2009.txt	Estonian.txt	æe	996
est-x-bible-newworld2009.txt	Estonian.txt	øe	???
est-x-bible-newworld2009.txt	Estonian.txt	ye	???
est-x-bible-newworld2009.txt	Estonian.txt	ɑi	2515
est-x-bible-newworld2009.txt	Estonian.txt	ei	8054
est-x-bible-newworld2009.txt	Estonian.txt	oi	365
est-x-bible-newworld2009.txt	Estonian.txt	ui	2868
est-x-bible-newworld2009.txt	Estonian.txt	ɤi	8
est-x-bible-newworld2009.txt	Estonian.txt	æi	1138
est-x-bible-newworld2009.txt	Estonian.txt	øi	???
est-x-bible-newworld2009.txt	Estonian.txt	yi	???
est-x-bible-newworld2009.txt	Estonian.txt	ɑo	161
est-x-bible-newworld2009.txt	Estonian.txt	eo	249
est-x-bible-newworld2009.txt	Estonian.txt	io	79
est-x-bible-newworld2009.txt	Estonian.txt	uo	22
est-x-bible-newworld2009.txt	Estonian.txt	ɤo	???
est-x-bible-newworld2009.txt	Estonian.txt	æo	17
est-x-bible-newworld2009.txt	Estonian.txt	yo	1
est-x-bible-newworld2009.txt	Estonian.txt	ɑu	1110
est-x-bible-newworld2009.txt	Estonian.txt	eu	52
est-x-bible-newworld2009.txt	Estonian.txt	iu	124
est-x-bible-newworld2009.txt	Estonian.txt	ou	???
est-x-bible-newworld2009.txt	Estonian.txt	ɤu	???
est-x-bible-newworld2009.txt	Estonian.txt	æu	???
est-x-bible-1968.txt	Estonian.txt	p	12255
est-x-bible-1968.txt	Estonian.txt	t	61546
est-x-bible-1968.txt	Estonian.txt	tʲ	36822
est-x-bible-1968.txt	Estonian.txt	k	35345
est-x-bible-1968.txt	Estonian.txt	m(m, m̥)	34484
est-x-bible-1968.txt	Estonian.txt	n(n, n̥)	45834
est-x-bible-1968.txt	Estonian.txt	nʲ	???
est-x-bible-1968.txt	Estonian.txt	r(r, r̥)	17724
est-x-bible-1968.txt	Estonian.txt	f	260
est-x-bible-1968.txt	Estonian.txt	v(v, v̥)	15930
est-x-bible-1968.txt	Estonian.txt	s	80775
est-x-bible-1968.txt	Estonian.txt	ʃ	???
est-x-bible-1968.txt	Estonian.txt	sʲ	???
est-x-bible-1968.txt	Estonian.txt	h(h, h̬)	11289
est-x-bible-1968.txt	Estonian.txt	l(l, l̥)	49152
est-x-bible-1968.txt	Estonian.txt	lʲ	???
est-x-bible-1968.txt	Estonian.txt	j	23321
est-x-bible-1968.txt	Estonian.txt	pː	???
est-x-bible-1968.txt	Estonian.txt	tː	???
est-x-bible-1968.txt	Estonian.txt	tʲː	???
est-x-bible-1968.txt	Estonian.txt	kː	???
est-x-bible-1968.txt	Estonian.txt	sː	???
est-x-bible-1968.txt	Estonian.txt	sʲː	???
est-x-bible-1968.txt	Estonian.txt	ʃː	???
est-x-bible-1968.txt	Estonian.txt	fː	???
est-x-bible-1968.txt	Estonian.txt	i	46967
est-x-bible-1968.txt	Estonian.txt	iˑ	???
est-x-bible-1968.txt	Estonian.txt	iː	4308
est-x-bible-1968.txt	Estonian.txt	iːː	???
est-x-bible-1968.txt	Estonian.txt	y	8133
est-x-bible-1968.txt	Estonian.txt	yˑ	???
est-x-bible-1968.txt	Estonian.txt	yː	993
est-x-bible-1968.txt	Estonian.txt	yːː	???
est-x-bible-1968.txt	Estonian.txt	e(e, e̞, e̝, e̟)	75555
est-x-bible-1968.txt	Estonian.txt	eˑ(eˑ, e̞ˑ)	???
est-x-bible-1968.txt	Estonian.txt	eː	7212
est-x-bible-1968.txt	Estonian.txt	eːː	???
est-x-bible-1968.txt	Estonian.txt	ø	25
est-x-bible-1968.txt	Estonian.txt	øˑ	???
est-x-bible-1968.txt	Estonian.txt	øː	786
est-x-bible-1968.txt	Estonian.txt	øːː	???
est-x-bible-1968.txt	Estonian.txt	æ	7656
est-x-bible-1968.txt	Estonian.txt	æˑ	???
est-x-bible-1968.txt	Estonian.txt	æː	???
est-x-bible-1968.txt	Estonian.txt	æːː	???
est-x-bible-1968.txt	Estonian.txt	u(u, u̟)	34910
est-x-bible-1968.txt	Estonian.txt	uˑ	???
est-x-bible-1968.txt	Estonian.txt	uː	3688
est-x-bible-1968.txt	Estonian.txt	uːː	???
est-x-bible-1968.txt	Estonian.txt	ɤ(ɤ, ɯ, ɘ)	???
est-x-bible-1968.txt	Estonian.txt	ɤˑ	???
est-x-bible-1968.txt	Estonian.txt	ɤː	???
est-x-bible-1968.txt	Estonian.txt	ɤːː	???
est-x-bible-1968.txt	Estonian.txt	o	16886
est-x-bible-1968.txt	Estonian.txt	oˑ	???
est-x-bible-1968.txt	Estonian.txt	oː	2306
est-x-bible-1968.txt	Estonian.txt	oːː	???
est-x-bible-1968.txt	Estonian.txt	ɑ(ɑ, ɑ̟, ɑ̟)	96425
est-x-bible-1968.txt	Estonian.txt	ɑˑ	???
est-x-bible-1968.txt	Estonian.txt	ɑː	6030
est-x-bible-1968.txt	Estonian.txt	ɑːː	???
est-x-bible-1968.txt	Estonian.txt	eɑ	3120
est-x-bible-1968.txt	Estonian.txt	iɑ	273
est-x-bible-1968.txt	Estonian.txt	oɑ	106
est-x-bible-1968.txt	Estonian.txt	uɑ	98
est-x-bible-1968.txt	Estonian.txt	ɤɑ	???
est-x-bible-1968.txt	Estonian.txt	øɑ	???
est-x-bible-1968.txt	Estonian.txt	yɑ	6
est-x-bible-1968.txt	Estonian.txt	ɑe	1153
est-x-bible-1968.txt	Estonian.txt	ie	83
est-x-bible-1968.txt	Estonian.txt	oe	435
est-x-bible-1968.txt	Estonian.txt	ue	60
est-x-bible-1968.txt	Estonian.txt	ɤe	343
est-x-bible-1968.txt	Estonian.txt	æe	1305
est-x-bible-1968.txt	Estonian.txt	øe	???
est-x-bible-1968.txt	Estonian.txt	ye	???
est-x-bible-1968.txt	Estonian.txt	ɑi	3106
est-x-bible-1968.txt	Estonian.txt	ei	9298
est-x-bible-1968.txt	Estonian.txt	oi	280
est-x-bible-1968.txt	Estonian.txt	ui	3427
est-x-bible-1968.txt	Estonian.txt	ɤi	18
est-x-bible-1968.txt	Estonian.txt	æi	1050
est-x-bible-1968.txt	Estonian.txt	øi	???
est-x-bible-1968.txt	Estonian.txt	yi	???
est-x-bible-1968.txt	Estonian.txt	ɑo	242
est-x-bible-1968.txt	Estonian.txt	eo	188
est-x-bible-1968.txt	Estonian.txt	io	65
est-x-bible-1968.txt	Estonian.txt	uo	9
est-x-bible-1968.txt	Estonian.txt	ɤo	???
est-x-bible-1968.txt	Estonian.txt	æo	36
est-x-bible-1968.txt	Estonian.txt	yo	1
est-x-bible-1968.txt	Estonian.txt	ɑu	1096
est-x-bible-1968.txt	Estonian.txt	eu	61
est-x-bible-1968.txt	Estonian.txt	iu	248
est-x-bible-1968.txt	Estonian.txt	ou	???
est-x-bible-1968.txt	Estonian.txt	ɤu	???
est-x-bible-1968.txt	Estonian.txt	æu	???
est-x-bible-1997.txt	Estonian.txt	p	46612
est-x-bible-1997.txt	Estonian.txt	t	193046
est-x-bible-1997.txt	Estonian.txt	tʲ	130657
est-x-bible-1997.txt	Estonian.txt	k	118871
est-x-bible-1997.txt	Estonian.txt	m(m, m̥)	112728
est-x-bible-1997.txt	Estonian.txt	n(n, n̥)	162105
est-x-bible-1997.txt	Estonian.txt	nʲ	???
est-x-bible-1997.txt	Estonian.txt	r(r, r̥)	69100
est-x-bible-1997.txt	Estonian.txt	f	1191
est-x-bible-1997.txt	Estonian.txt	v(v, v̥)	60138
est-x-bible-1997.txt	Estonian.txt	s	271401
est-x-bible-1997.txt	Estonian.txt	ʃ	???
est-x-bible-1997.txt	Estonian.txt	sʲ	???
est-x-bible-1997.txt	Estonian.txt	h(h, h̬)	42707
est-x-bible-1997.txt	Estonian.txt	l(l, l̥)	171811
est-x-bible-1997.txt	Estonian.txt	lʲ	???
est-x-bible-1997.txt	Estonian.txt	j	78760
est-x-bible-1997.txt	Estonian.txt	pː	???
est-x-bible-1997.txt	Estonian.txt	tː	???
est-x-bible-1997.txt	Estonian.txt	tʲː	???
est-x-bible-1997.txt	Estonian.txt	kː	???
est-x-bible-1997.txt	Estonian.txt	sː	???
est-x-bible-1997.txt	Estonian.txt	sʲː	???
est-x-bible-1997.txt	Estonian.txt	ʃː	???
est-x-bible-1997.txt	Estonian.txt	fː	???
est-x-bible-1997.txt	Estonian.txt	i	167784
est-x-bible-1997.txt	Estonian.txt	iˑ	???
est-x-bible-1997.txt	Estonian.txt	iː	17503
est-x-bible-1997.txt	Estonian.txt	iːː	???
est-x-bible-1997.txt	Estonian.txt	y	23229
est-x-bible-1997.txt	Estonian.txt	yˑ	???
est-x-bible-1997.txt	Estonian.txt	yː	3740
est-x-bible-1997.txt	Estonian.txt	yːː	???
est-x-bible-1997.txt	Estonian.txt	e(e, e̞, e̝, e̟)	237010
est-x-bible-1997.txt	Estonian.txt	eˑ(eˑ, e̞ˑ)	???
est-x-bible-1997.txt	Estonian.txt	eː	23032
est-x-bible-1997.txt	Estonian.txt	eːː	???
est-x-bible-1997.txt	Estonian.txt	ø	48
est-x-bible-1997.txt	Estonian.txt	øˑ	???
est-x-bible-1997.txt	Estonian.txt	øː	3380
est-x-bible-1997.txt	Estonian.txt	øːː	???
est-x-bible-1997.txt	Estonian.txt	æ	25297
est-x-bible-1997.txt	Estonian.txt	æˑ	???
est-x-bible-1997.txt	Estonian.txt	æː	???
est-x-bible-1997.txt	Estonian.txt	æːː	???
est-x-bible-1997.txt	Estonian.txt	u(u, u̟)	121050
est-x-bible-1997.txt	Estonian.txt	uˑ	???
est-x-bible-1997.txt	Estonian.txt	uː	13431
est-x-bible-1997.txt	Estonian.txt	uːː	???
est-x-bible-1997.txt	Estonian.txt	ɤ(ɤ, ɯ, ɘ)	???
est-x-bible-1997.txt	Estonian.txt	ɤˑ	???
est-x-bible-1997.txt	Estonian.txt	ɤː	???
est-x-bible-1997.txt	Estonian.txt	ɤːː	???
est-x-bible-1997.txt	Estonian.txt	o	59040
est-x-bible-1997.txt	Estonian.txt	oˑ	???
est-x-bible-1997.txt	Estonian.txt	oː	11019
est-x-bible-1997.txt	Estonian.txt	oːː	???
est-x-bible-1997.txt	Estonian.txt	ɑ(ɑ, ɑ̟, ɑ̟)	343953
est-x-bible-1997.txt	Estonian.txt	ɑˑ	???
est-x-bible-1997.txt	Estonian.txt	ɑː	23336
est-x-bible-1997.txt	Estonian.txt	ɑːː	???
est-x-bible-1997.txt	Estonian.txt	eɑ	10321
est-x-bible-1997.txt	Estonian.txt	iɑ	913
est-x-bible-1997.txt	Estonian.txt	oɑ	862
est-x-bible-1997.txt	Estonian.txt	uɑ	773
est-x-bible-1997.txt	Estonian.txt	ɤɑ	6
est-x-bible-1997.txt	Estonian.txt	øɑ	???
est-x-bible-1997.txt	Estonian.txt	yɑ	12
est-x-bible-1997.txt	Estonian.txt	ɑe	6008
est-x-bible-1997.txt	Estonian.txt	ie	437
est-x-bible-1997.txt	Estonian.txt	oe	2613
est-x-bible-1997.txt	Estonian.txt	ue	417
est-x-bible-1997.txt	Estonian.txt	ɤe	1172
est-x-bible-1997.txt	Estonian.txt	æe	5260
est-x-bible-1997.txt	Estonian.txt	øe	???
est-x-bible-1997.txt	Estonian.txt	ye	???
est-x-bible-1997.txt	Estonian.txt	ɑi	9182
est-x-bible-1997.txt	Estonian.txt	ei	25082
est-x-bible-1997.txt	Estonian.txt	oi	1248
est-x-bible-1997.txt	Estonian.txt	ui	8768
est-x-bible-1997.txt	Estonian.txt	ɤi	127
est-x-bible-1997.txt	Estonian.txt	æi	3218
est-x-bible-1997.txt	Estonian.txt	øi	???
est-x-bible-1997.txt	Estonian.txt	yi	???
est-x-bible-1997.txt	Estonian.txt	ɑo	1078
est-x-bible-1997.txt	Estonian.txt	eo	1037
est-x-bible-1997.txt	Estonian.txt	io	207
est-x-bible-1997.txt	Estonian.txt	uo	272
est-x-bible-1997.txt	Estonian.txt	ɤo	???
est-x-bible-1997.txt	Estonian.txt	æo	121
est-x-bible-1997.txt	Estonian.txt	yo	1
est-x-bible-1997.txt	Estonian.txt	ɑu	3506
est-x-bible-1997.txt	Estonian.txt	eu	114
est-x-bible-1997.txt	Estonian.txt	iu	351
est-x-bible-1997.txt	Estonian.txt	ou	2
est-x-bible-1997.txt	Estonian.txt	ɤu	???
est-x-bible-1997.txt	Estonian.txt	æu	1
tur-x-bible-newworld.txt	Turkish.txt	p	22861
tur-x-bible-newworld.txt	Turkish.txt	b	68241
tur-x-bible-newworld.txt	Turkish.txt	t(t, tː)	88964
tur-x-bible-newworld.txt	Turkish.txt	d(d, dː)	141420
tur-x-bible-newworld.txt	Turkish.txt	tʃ	30456
tur-x-bible-newworld.txt	Turkish.txt	dʒ	30507
tur-x-bible-newworld.txt	Turkish.txt	c	133917
tur-x-bible-newworld.txt	Turkish.txt	ɟ	37224
tur-x-bible-newworld.txt	Turkish.txt	k	???
tur-x-bible-newworld.txt	Turkish.txt	g	???
tur-x-bible-newworld.txt	Turkish.txt	m	87178
tur-x-bible-newworld.txt	Turkish.txt	n	255700
tur-x-bible-newworld.txt	Turkish.txt	f	10093
tur-x-bible-newworld.txt	Turkish.txt	v(v, vː)	44075
tur-x-bible-newworld.txt	Turkish.txt	s	89357
tur-x-bible-newworld.txt	Turkish.txt	z	43711
tur-x-bible-newworld.txt	Turkish.txt	ʃ	44633
tur-x-bible-newworld.txt	Turkish.txt	ʒ	67
tur-x-bible-newworld.txt	Turkish.txt	ɮ	188893
tur-x-bible-newworld.txt	Turkish.txt	ɣ	???
tur-x-bible-newworld.txt	Turkish.txt	h(h, x)	41180
tur-x-bible-newworld.txt	Turkish.txt	ɾ	209746
tur-x-bible-newworld.txt	Turkish.txt	j	111419
tur-x-bible-newworld.txt	Turkish.txt	ɫ	???
tur-x-bible-newworld.txt	Turkish.txt	l	???
tur-x-bible-newworld.txt	Turkish.txt	i	236421
tur-x-bible-newworld.txt	Turkish.txt	y	64184
tur-x-bible-newworld.txt	Turkish.txt	e	280491
tur-x-bible-newworld.txt	Turkish.txt	œ	29376
tur-x-bible-newworld.txt	Turkish.txt	a	340867
tur-x-bible-newworld.txt	Turkish.txt	ɯ	154953
tur-x-bible-newworld.txt	Turkish.txt	u	100071
tur-x-bible-newworld.txt	Turkish.txt	o	80260
tur-x-bible-newworld.txt	Turkish.txt	iː	5335
tur-x-bible-newworld.txt	Turkish.txt	eː	5773
tur-x-bible-newworld.txt	Turkish.txt	uː	3159
tur-x-bible-newworld.txt	Turkish.txt	aː	9381
tur-x-bible-2004.txt	Turkish.txt	p	21594
tur-x-bible-2004.txt	Turkish.txt	b	72413
tur-x-bible-2004.txt	Turkish.txt	t(t, tː)	81005
tur-x-bible-2004.txt	Turkish.txt	d(d, dː)	127057
tur-x-bible-2004.txt	Turkish.txt	tʃ	29310
tur-x-bible-2004.txt	Turkish.txt	dʒ	28432
tur-x-bible-2004.txt	Turkish.txt	c	126916
tur-x-bible-2004.txt	Turkish.txt	ɟ	36956
tur-x-bible-2004.txt	Turkish.txt	k	???
tur-x-bible-2004.txt	Turkish.txt	g	???
tur-x-bible-2004.txt	Turkish.txt	m	78922
tur-x-bible-2004.txt	Turkish.txt	n	238849
tur-x-bible-2004.txt	Turkish.txt	f	6502
tur-x-bible-2004.txt	Turkish.txt	v(v, vː)	29881
tur-x-bible-2004.txt	Turkish.txt	s	86991
tur-x-bible-2004.txt	Turkish.txt	z	41720
tur-x-bible-2004.txt	Turkish.txt	ʃ	41784
tur-x-bible-2004.txt	Turkish.txt	ʒ	167
tur-x-bible-2004.txt	Turkish.txt	ɮ	182240
tur-x-bible-2004.txt	Turkish.txt	ɣ	???
tur-x-bible-2004.txt	Turkish.txt	h(h, x)	28001
tur-x-bible-2004.txt	Turkish.txt	ɾ	201009
tur-x-bible-2004.txt	Turkish.txt	j	103222
tur-x-bible-2004.txt	Turkish.txt	ɫ	???
tur-x-bible-2004.txt	Turkish.txt	l	???
tur-x-bible-2004.txt	Turkish.txt	i	217443
tur-x-bible-2004.txt	Turkish.txt	y	62120
tur-x-bible-2004.txt	Turkish.txt	e	240834
tur-x-bible-2004.txt	Turkish.txt	œ	29611
tur-x-bible-2004.txt	Turkish.txt	a	328848
tur-x-bible-2004.txt	Turkish.txt	ɯ	151471
tur-x-bible-2004.txt	Turkish.txt	u	97385
tur-x-bible-2004.txt	Turkish.txt	o	64405
tur-x-bible-2004.txt	Turkish.txt	iː	4756
tur-x-bible-2004.txt	Turkish.txt	eː	5148
tur-x-bible-2004.txt	Turkish.txt	uː	3578
tur-x-bible-2004.txt	Turkish.txt	aː	10409
tur-x-bible-goodnews.txt	Turkish.txt	p	5305
tur-x-bible-goodnews.txt	Turkish.txt	b	18185
tur-x-bible-goodnews.txt	Turkish.txt	t(t, tː)	20985
tur-x-bible-goodnews.txt	Turkish.txt	d(d, dː)	34064
tur-x-bible-goodnews.txt	Turkish.txt	tʃ	7406
tur-x-bible-goodnews.txt	Turkish.txt	dʒ	6537
tur-x-bible-goodnews.txt	Turkish.txt	c	29247
tur-x-bible-goodnews.txt	Turkish.txt	ɟ	9683
tur-x-bible-goodnews.txt	Turkish.txt	k	???
tur-x-bible-goodnews.txt	Turkish.txt	g	???
tur-x-bible-goodnews.txt	Turkish.txt	m	22518
tur-x-bible-goodnews.txt	Turkish.txt	n	62342
tur-x-bible-goodnews.txt	Turkish.txt	f	1448
tur-x-bible-goodnews.txt	Turkish.txt	v(v, vː)	7477
tur-x-bible-goodnews.txt	Turkish.txt	s	24496
tur-x-bible-goodnews.txt	Turkish.txt	z	12617
tur-x-bible-goodnews.txt	Turkish.txt	ʃ	10670
tur-x-bible-goodnews.txt	Turkish.txt	ʒ	153
tur-x-bible-goodnews.txt	Turkish.txt	ɮ	44970
tur-x-bible-goodnews.txt	Turkish.txt	ɣ	???
tur-x-bible-goodnews.txt	Turkish.txt	h(h, x)	7502
tur-x-bible-goodnews.txt	Turkish.txt	ɾ	49669
tur-x-bible-goodnews.txt	Turkish.txt	j	25494
tur-x-bible-goodnews.txt	Turkish.txt	ɫ	???
tur-x-bible-goodnews.txt	Turkish.txt	l	???
tur-x-bible-goodnews.txt	Turkish.txt	i	63054
tur-x-bible-goodnews.txt	Turkish.txt	y	14558
tur-x-bible-goodnews.txt	Turkish.txt	e	66770
tur-x-bible-goodnews.txt	Turkish.txt	œ	8330
tur-x-bible-goodnews.txt	Turkish.txt	a	77423
tur-x-bible-goodnews.txt	Turkish.txt	ɯ	35225
tur-x-bible-goodnews.txt	Turkish.txt	u	24454
tur-x-bible-goodnews.txt	Turkish.txt	o	16548
tur-x-bible-goodnews.txt	Turkish.txt	iː	1611
tur-x-bible-goodnews.txt	Turkish.txt	eː	1634
tur-x-bible-goodnews.txt	Turkish.txt	uː	1123
tur-x-bible-goodnews.txt	Turkish.txt	aː	1918
tur-x-bible-2009.txt	Turkish.txt	p	21552
tur-x-bible-2009.txt	Turkish.txt	b	72234
tur-x-bible-2009.txt	Turkish.txt	t(t, tː)	80674
tur-x-bible-2009.txt	Turkish.txt	d(d, dː)	126812
tur-x-bible-2009.txt	Turkish.txt	tʃ	29171
tur-x-bible-2009.txt	Turkish.txt	dʒ	28382
tur-x-bible-2009.txt	Turkish.txt	c	126639
tur-x-bible-2009.txt	Turkish.txt	ɟ	36800
tur-x-bible-2009.txt	Turkish.txt	k	???
tur-x-bible-2009.txt	Turkish.txt	g	???
tur-x-bible-2009.txt	Turkish.txt	m	78682
tur-x-bible-2009.txt	Turkish.txt	n	238393
tur-x-bible-2009.txt	Turkish.txt	f	6291
tur-x-bible-2009.txt	Turkish.txt	v(v, vː)	29830
tur-x-bible-2009.txt	Turkish.txt	s	86783
tur-x-bible-2009.txt	Turkish.txt	z	41604
tur-x-bible-2009.txt	Turkish.txt	ʃ	41665
tur-x-bible-2009.txt	Turkish.txt	ʒ	165
tur-x-bible-2009.txt	Turkish.txt	ɮ	181792
tur-x-bible-2009.txt	Turkish.txt	ɣ	???
tur-x-bible-2009.txt	Turkish.txt	h(h, x)	27972
tur-x-bible-2009.txt	Turkish.txt	ɾ	200499
tur-x-bible-2009.txt	Turkish.txt	j	103049
tur-x-bible-2009.txt	Turkish.txt	ɫ	???
tur-x-bible-2009.txt	Turkish.txt	l	???
tur-x-bible-2009.txt	Turkish.txt	i	216711
tur-x-bible-2009.txt	Turkish.txt	y	62031
tur-x-bible-2009.txt	Turkish.txt	e	240196
tur-x-bible-2009.txt	Turkish.txt	œ	29527
tur-x-bible-2009.txt	Turkish.txt	a	328128
tur-x-bible-2009.txt	Turkish.txt	ɯ	151032
tur-x-bible-2009.txt	Turkish.txt	u	97216
tur-x-bible-2009.txt	Turkish.txt	o	64268
tur-x-bible-2009.txt	Turkish.txt	iː	4749
tur-x-bible-2009.txt	Turkish.txt	eː	5133
tur-x-bible-2009.txt	Turkish.txt	uː	3559
tur-x-bible-2009.txt	Turkish.txt	aː	10390
Unable to find <ig> = /idʒ/ in inventory
cat-x-bible-inter.txt	Catalan.txt	p	19532
cat-x-bible-inter.txt	Catalan.txt	b(b, β, bː, pː, w)	???
cat-x-bible-inter.txt	Catalan.txt	t	39485
cat-x-bible-inter.txt	Catalan.txt	d(d, ð)	24434
cat-x-bible-inter.txt	Catalan.txt	tʃ	9
cat-x-bible-inter.txt	Catalan.txt	dʒ	383
cat-x-bible-inter.txt	Catalan.txt	k	11987
cat-x-bible-inter.txt	Catalan.txt	g(g, ɣ, gː, kː)	???
cat-x-bible-inter.txt	Catalan.txt	m(m, mː, ɱ)	20213
cat-x-bible-inter.txt	Catalan.txt	n(n, nː)	43003
cat-x-bible-inter.txt	Catalan.txt	ɲ	1684
cat-x-bible-inter.txt	Catalan.txt	ŋ	???
cat-x-bible-inter.txt	Catalan.txt	r	1323
cat-x-bible-inter.txt	Catalan.txt	ɾ	47364
cat-x-bible-inter.txt	Catalan.txt	f	6272
cat-x-bible-inter.txt	Catalan.txt	v(v, b)	23216
cat-x-bible-inter.txt	Catalan.txt	s	80802
cat-x-bible-inter.txt	Catalan.txt	z	307
cat-x-bible-inter.txt	Catalan.txt	ʃ(ʃ, tʃ)	3577
cat-x-bible-inter.txt	Catalan.txt	ʒ(ʒ, dʒ)	9955
cat-x-bible-inter.txt	Catalan.txt	j	???
cat-x-bible-inter.txt	Catalan.txt	w	???
cat-x-bible-inter.txt	Catalan.txt	l(l, ll)	33953
cat-x-bible-inter.txt	Catalan.txt	ʎ(ʎ, ʎː)	6224
cat-x-bible-inter.txt	Catalan.txt	i	53089
cat-x-bible-inter.txt	Catalan.txt	e(e, ə)	106489
cat-x-bible-inter.txt	Catalan.txt	ɛ(ɛ, ə)	2179
cat-x-bible-inter.txt	Catalan.txt	a(a, ə)	84237
cat-x-bible-inter.txt	Catalan.txt	o(o, u)	2382
cat-x-bible-inter.txt	Catalan.txt	ɔ(ɔ, u)	36427
cat-x-bible-inter.txt	Catalan.txt	u	35957
Unable to find <ig> = /idʒ/ in inventory
cat-x-bible-evangelica.txt	Catalan.txt	p	20057
cat-x-bible-evangelica.txt	Catalan.txt	b(b, β, bː, pː, w)	???
cat-x-bible-evangelica.txt	Catalan.txt	t	40419
cat-x-bible-evangelica.txt	Catalan.txt	d(d, ð)	25655
cat-x-bible-evangelica.txt	Catalan.txt	tʃ	15
cat-x-bible-evangelica.txt	Catalan.txt	dʒ	597
cat-x-bible-evangelica.txt	Catalan.txt	k	12695
cat-x-bible-evangelica.txt	Catalan.txt	g(g, ɣ, gː, kː)	???
cat-x-bible-evangelica.txt	Catalan.txt	m(m, mː, ɱ)	20814
cat-x-bible-evangelica.txt	Catalan.txt	n(n, nː)	43158
cat-x-bible-evangelica.txt	Catalan.txt	ɲ	1618
cat-x-bible-evangelica.txt	Catalan.txt	ŋ	???
cat-x-bible-evangelica.txt	Catalan.txt	r	1253
cat-x-bible-evangelica.txt	Catalan.txt	ɾ	46991
cat-x-bible-evangelica.txt	Catalan.txt	f	6524
cat-x-bible-evangelica.txt	Catalan.txt	v(v, b)	23008
cat-x-bible-evangelica.txt	Catalan.txt	s	81144
cat-x-bible-evangelica.txt	Catalan.txt	z	350
cat-x-bible-evangelica.txt	Catalan.txt	ʃ(ʃ, tʃ)	3523
cat-x-bible-evangelica.txt	Catalan.txt	ʒ(ʒ, dʒ)	10201
cat-x-bible-evangelica.txt	Catalan.txt	j	???
cat-x-bible-evangelica.txt	Catalan.txt	w	???
cat-x-bible-evangelica.txt	Catalan.txt	l(l, ll)	36476
cat-x-bible-evangelica.txt	Catalan.txt	ʎ(ʎ, ʎː)	5642
cat-x-bible-evangelica.txt	Catalan.txt	i	53748
cat-x-bible-evangelica.txt	Catalan.txt	e(e, ə)	106006
cat-x-bible-evangelica.txt	Catalan.txt	ɛ(ɛ, ə)	2370
cat-x-bible-evangelica.txt	Catalan.txt	a(a, ə)	84534
cat-x-bible-evangelica.txt	Catalan.txt	o(o, u)	2583
cat-x-bible-evangelica.txt	Catalan.txt	ɔ(ɔ, u)	35326
cat-x-bible-evangelica.txt	Catalan.txt	u	36145
arn-x-bible.txt	Mapudungun.txt	p(p, pʰ, pʷ)	24700
arn-x-bible.txt	Mapudungun.txt	t̪(t̪, t̪ʰ, tʷ)	???
arn-x-bible.txt	Mapudungun.txt	t	55832
arn-x-bible.txt	Mapudungun.txt	k(k, c, kʰ, cʰ, kʷ)	49387
arn-x-bible.txt	Mapudungun.txt	tʃ	21144
arn-x-bible.txt	Mapudungun.txt	ʈʂ(ʈʂ, t̺s̺, t̺ʰ, ʈʰ)	7169
arn-x-bible.txt	Mapudungun.txt	m(m, mː)	57245
arn-x-bible.txt	Mapudungun.txt	n̪	???
arn-x-bible.txt	Mapudungun.txt	n(n, nː, n̥ː)	49679
arn-x-bible.txt	Mapudungun.txt	ɲ(ɲ, ɲː)	???
arn-x-bible.txt	Mapudungun.txt	ŋ(ŋ, ɲ)	54282
arn-x-bible.txt	Mapudungun.txt	f(f, fʷ, fː)	36808
arn-x-bible.txt	Mapudungun.txt	θ	13551
arn-x-bible.txt	Mapudungun.txt	s	11566
arn-x-bible.txt	Mapudungun.txt	ʃ	???
arn-x-bible.txt	Mapudungun.txt	ʐ(ʐ, ɻ, ʂ, ɭ)	17132
arn-x-bible.txt	Mapudungun.txt	ɣ(ɣ, ʝ)	935
arn-x-bible.txt	Mapudungun.txt	j(j, ʝ)	39682
arn-x-bible.txt	Mapudungun.txt	̪l(l̪, l̪̥, l̪ː)	???
arn-x-bible.txt	Mapudungun.txt	l(l, l̥, lː)	48320
arn-x-bible.txt	Mapudungun.txt	ʎ	5678
arn-x-bible.txt	Mapudungun.txt	w	37895
arn-x-bible.txt	Mapudungun.txt	ɪ(ɪ, ɪ̝, iː, i)	81692
arn-x-bible.txt	Mapudungun.txt	ë(ë, ë̝, ë̝ʰ, ë̝ʷ, e, e̝, ëː)	140963
arn-x-bible.txt	Mapudungun.txt	ɐ̝(ɐ̝, ɜ, ɜ̃, ʌ̈)	89075
arn-x-bible.txt	Mapudungun.txt	ö(ö, ö̝)	20788
arn-x-bible.txt	Mapudungun.txt	ʊ(ʊ, ʊ̝, ʊ̃, ʊː, ʉ, ʊ̟, iʷ, ʊ̝ː,)	???
arn-x-bible.txt	Mapudungun.txt	ɘ(ɘ, ɨ̞, ɚ, ɨ̞̥)	43877
tem-x-bible.txt	Temne.txt	p	12289
tem-x-bible.txt	Temne.txt	b	12220
tem-x-bible.txt	Temne.txt	t̪	10040
tem-x-bible.txt	Temne.txt	t	25383
tem-x-bible.txt	Temne.txt	d	5871
tem-x-bible.txt	Temne.txt	k	46849
tem-x-bible.txt	Temne.txt	gb	4557
tem-x-bible.txt	Temne.txt	m	31311
tem-x-bible.txt	Temne.txt	n	26811
tem-x-bible.txt	Temne.txt	ŋ	33835
tem-x-bible.txt	Temne.txt	tʃ	???
tem-x-bible.txt	Temne.txt	f	7607
tem-x-bible.txt	Temne.txt	s	21432
tem-x-bible.txt	Temne.txt	ʃ	???
tem-x-bible.txt	Temne.txt	h	3535
tem-x-bible.txt	Temne.txt	r	29046
tem-x-bible.txt	Temne.txt	j	15289
tem-x-bible.txt	Temne.txt	w	10501
tem-x-bible.txt	Temne.txt	l	12884
tem-x-bible.txt	Temne.txt	i(i, í, ì)	36330
tem-x-bible.txt	Temne.txt	e(e, é, è)	20686
tem-x-bible.txt	Temne.txt	ɛ(ɛ, ɛ́, ɛ̀)	23934
tem-x-bible.txt	Temne.txt	ə(ə, ə́, ə̀)	29727
tem-x-bible.txt	Temne.txt	a(a, á, à)	86655
tem-x-bible.txt	Temne.txt	ʌ(ʌ, ʌ́, ʌ̀)	23629
tem-x-bible.txt	Temne.txt	ɔ(ɔ, ɔ́, ɔ̀)	44931
tem-x-bible.txt	Temne.txt	o(o, ó, ò)	15504
tem-x-bible.txt	Temne.txt	u(u, ú, ù)	16451
eus-x-bible-Hautin1571.txt	Basque (Western Low Navarrese dialect).txt	p	7228
eus-x-bible-Hautin1571.txt	Basque (Western Low Navarrese dialect).txt	t	48358
eus-x-bible-Hautin1571.txt	Basque (Western Low Navarrese dialect).txt	c	46657
eus-x-bible-Hautin1571.txt	Basque (Western Low Navarrese dialect).txt	k	2803
eus-x-bible-Hautin1571.txt	Basque (Western Low Navarrese dialect).txt	pʰ	596
eus-x-bible-Hautin1571.txt	Basque (Western Low Navarrese dialect).txt	tʰ	3117
eus-x-bible-Hautin1571.txt	Basque (Western Low Navarrese dialect).txt	kʰ	???
eus-x-bible-Hautin1571.txt	Basque (Western Low Navarrese dialect).txt	b	20035
eus-x-bible-Hautin1571.txt	Basque (Western Low Navarrese dialect).txt	d	26240
eus-x-bible-Hautin1571.txt	Basque (Western Low Navarrese dialect).txt	ɟ	22
eus-x-bible-Hautin1571.txt	Basque (Western Low Navarrese dialect).txt	g	18890
eus-x-bible-Hautin1571.txt	Basque (Western Low Navarrese dialect).txt	f	2453
eus-x-bible-Hautin1571.txt	Basque (Western Low Navarrese dialect).txt	s	10650
eus-x-bible-Hautin1571.txt	Basque (Western Low Navarrese dialect).txt	ʂ	17528
eus-x-bible-Hautin1571.txt	Basque (Western Low Navarrese dialect).txt	ʃ	148
eus-x-bible-Hautin1571.txt	Basque (Western Low Navarrese dialect).txt	h	18298
eus-x-bible-Hautin1571.txt	Basque (Western Low Navarrese dialect).txt	ts	10147
eus-x-bible-Hautin1571.txt	Basque (Western Low Navarrese dialect).txt	tʂ	???
eus-x-bible-Hautin1571.txt	Basque (Western Low Navarrese dialect).txt	tʃ	???
eus-x-bible-Hautin1571.txt	Basque (Western Low Navarrese dialect).txt	m	8529
eus-x-bible-Hautin1571.txt	Basque (Western Low Navarrese dialect).txt	n	72153
eus-x-bible-Hautin1571.txt	Basque (Western Low Navarrese dialect).txt	ɲ	198
eus-x-bible-Hautin1571.txt	Basque (Western Low Navarrese dialect).txt	l	16389
eus-x-bible-Hautin1571.txt	Basque (Western Low Navarrese dialect).txt	ʎ	511
eus-x-bible-Hautin1571.txt	Basque (Western Low Navarrese dialect).txt	ɾ	49193
eus-x-bible-Hautin1571.txt	Basque (Western Low Navarrese dialect).txt	ʁ(ʁ, r)	5496
eus-x-bible-Hautin1571.txt	Basque (Western Low Navarrese dialect).txt	i	56378
eus-x-bible-Hautin1571.txt	Basque (Western Low Navarrese dialect).txt	e(e, j, eː)	112539
eus-x-bible-Hautin1571.txt	Basque (Western Low Navarrese dialect).txt	a(a, aː)	106005
eus-x-bible-Hautin1571.txt	Basque (Western Low Navarrese dialect).txt	o(o, w, oː)	27885
eus-x-bible-Hautin1571.txt	Basque (Western Low Navarrese dialect).txt	u(u, uː)	37877
eus-x-bible-Hautin1571.txt	Basque (Western Low Navarrese dialect).txt	ai	11443
eus-x-bible-Hautin1571.txt	Basque (Western Low Navarrese dialect).txt	ei	1877
eus-x-bible-Hautin1571.txt	Basque (Western Low Navarrese dialect).txt	oi	1112
eus-x-bible-Hautin1571.txt	Basque (Western Low Navarrese dialect).txt	ui	7404
eus-x-bible-Hautin1571.txt	Basque (Western Low Navarrese dialect).txt	au	5427
eus-x-bible-Hautin1571.txt	Basque (Western Low Navarrese dialect).txt	eu	1208
eus-x-bible-navarrolabourdin.txt	Basque (Western Low Navarrese dialect).txt	p	7229
eus-x-bible-navarrolabourdin.txt	Basque (Western Low Navarrese dialect).txt	t	48403
eus-x-bible-navarrolabourdin.txt	Basque (Western Low Navarrese dialect).txt	c	46660
eus-x-bible-navarrolabourdin.txt	Basque (Western Low Navarrese dialect).txt	k	2804
eus-x-bible-navarrolabourdin.txt	Basque (Western Low Navarrese dialect).txt	pʰ	596
eus-x-bible-navarrolabourdin.txt	Basque (Western Low Navarrese dialect).txt	tʰ	3117
eus-x-bible-navarrolabourdin.txt	Basque (Western Low Navarrese dialect).txt	kʰ	???
eus-x-bible-navarrolabourdin.txt	Basque (Western Low Navarrese dialect).txt	b	20049
eus-x-bible-navarrolabourdin.txt	Basque (Western Low Navarrese dialect).txt	d	26247
eus-x-bible-navarrolabourdin.txt	Basque (Western Low Navarrese dialect).txt	ɟ	22
eus-x-bible-navarrolabourdin.txt	Basque (Western Low Navarrese dialect).txt	g	18890
eus-x-bible-navarrolabourdin.txt	Basque (Western Low Navarrese dialect).txt	f	2453
eus-x-bible-navarrolabourdin.txt	Basque (Western Low Navarrese dialect).txt	s	10651
eus-x-bible-navarrolabourdin.txt	Basque (Western Low Navarrese dialect).txt	ʂ	17528
eus-x-bible-navarrolabourdin.txt	Basque (Western Low Navarrese dialect).txt	ʃ	148
eus-x-bible-navarrolabourdin.txt	Basque (Western Low Navarrese dialect).txt	h	18301
eus-x-bible-navarrolabourdin.txt	Basque (Western Low Navarrese dialect).txt	ts	10147
eus-x-bible-navarrolabourdin.txt	Basque (Western Low Navarrese dialect).txt	tʂ	???
eus-x-bible-navarrolabourdin.txt	Basque (Western Low Navarrese dialect).txt	tʃ	???
eus-x-bible-navarrolabourdin.txt	Basque (Western Low Navarrese dialect).txt	m	8529
eus-x-bible-navarrolabourdin.txt	Basque (Western Low Navarrese dialect).txt	n	72153
eus-x-bible-navarrolabourdin.txt	Basque (Western Low Navarrese dialect).txt	ɲ	198
eus-x-bible-navarrolabourdin.txt	Basque (Western Low Navarrese dialect).txt	l	16390
eus-x-bible-navarrolabourdin.txt	Basque (Western Low Navarrese dialect).txt	ʎ	511
eus-x-bible-navarrolabourdin.txt	Basque (Western Low Navarrese dialect).txt	ɾ	49192
eus-x-bible-navarrolabourdin.txt	Basque (Western Low Navarrese dialect).txt	ʁ(ʁ, r)	5497
eus-x-bible-navarrolabourdin.txt	Basque (Western Low Navarrese dialect).txt	i	56386
eus-x-bible-navarrolabourdin.txt	Basque (Western Low Navarrese dialect).txt	e(e, j, eː)	112590
eus-x-bible-navarrolabourdin.txt	Basque (Western Low Navarrese dialect).txt	a(a, aː)	106008
eus-x-bible-navarrolabourdin.txt	Basque (Western Low Navarrese dialect).txt	o(o, w, oː)	27900
eus-x-bible-navarrolabourdin.txt	Basque (Western Low Navarrese dialect).txt	u(u, uː)	37877
eus-x-bible-navarrolabourdin.txt	Basque (Western Low Navarrese dialect).txt	ai	11443
eus-x-bible-navarrolabourdin.txt	Basque (Western Low Navarrese dialect).txt	ei	1877
eus-x-bible-navarrolabourdin.txt	Basque (Western Low Navarrese dialect).txt	oi	1112
eus-x-bible-navarrolabourdin.txt	Basque (Western Low Navarrese dialect).txt	ui	7404
eus-x-bible-navarrolabourdin.txt	Basque (Western Low Navarrese dialect).txt	au	5427
eus-x-bible-navarrolabourdin.txt	Basque (Western Low Navarrese dialect).txt	eu	1208
eus-x-bible-batua.txt	Basque (Western Low Navarrese dialect).txt	p	4295
eus-x-bible-batua.txt	Basque (Western Low Navarrese dialect).txt	t	38841
eus-x-bible-batua.txt	Basque (Western Low Navarrese dialect).txt	c	3
eus-x-bible-batua.txt	Basque (Western Low Navarrese dialect).txt	k	34343
eus-x-bible-batua.txt	Basque (Western Low Navarrese dialect).txt	pʰ	???
eus-x-bible-batua.txt	Basque (Western Low Navarrese dialect).txt	tʰ	2
eus-x-bible-batua.txt	Basque (Western Low Navarrese dialect).txt	kʰ	???
eus-x-bible-batua.txt	Basque (Western Low Navarrese dialect).txt	b	20354
eus-x-bible-batua.txt	Basque (Western Low Navarrese dialect).txt	d	22325
eus-x-bible-batua.txt	Basque (Western Low Navarrese dialect).txt	ɟ	7429
eus-x-bible-batua.txt	Basque (Western Low Navarrese dialect).txt	g	20440
eus-x-bible-batua.txt	Basque (Western Low Navarrese dialect).txt	f	1007
eus-x-bible-batua.txt	Basque (Western Low Navarrese dialect).txt	s	34519
eus-x-bible-batua.txt	Basque (Western Low Navarrese dialect).txt	ʂ	17825
eus-x-bible-batua.txt	Basque (Western Low Navarrese dialect).txt	ʃ	353
eus-x-bible-batua.txt	Basque (Western Low Navarrese dialect).txt	h	12929
eus-x-bible-batua.txt	Basque (Western Low Navarrese dialect).txt	ts	11626
eus-x-bible-batua.txt	Basque (Western Low Navarrese dialect).txt	tʂ	???
eus-x-bible-batua.txt	Basque (Western Low Navarrese dialect).txt	tʃ	965
eus-x-bible-batua.txt	Basque (Western Low Navarrese dialect).txt	m	6685
eus-x-bible-batua.txt	Basque (Western Low Navarrese dialect).txt	n	62052
eus-x-bible-batua.txt	Basque (Western Low Navarrese dialect).txt	ɲ	2
eus-x-bible-batua.txt	Basque (Western Low Navarrese dialect).txt	l	15091
eus-x-bible-batua.txt	Basque (Western Low Navarrese dialect).txt	ʎ	1
eus-x-bible-batua.txt	Basque (Western Low Navarrese dialect).txt	ɾ	39949
eus-x-bible-batua.txt	Basque (Western Low Navarrese dialect).txt	ʁ(ʁ, r)	7427
eus-x-bible-batua.txt	Basque (Western Low Navarrese dialect).txt	i	53494
eus-x-bible-batua.txt	Basque (Western Low Navarrese dialect).txt	e(e, j, eː)	99427
eus-x-bible-batua.txt	Basque (Western Low Navarrese dialect).txt	a(a, aː)	94919
eus-x-bible-batua.txt	Basque (Western Low Navarrese dialect).txt	o(o, w, oː)	33514
eus-x-bible-batua.txt	Basque (Western Low Navarrese dialect).txt	u(u, uː)	36369
eus-x-bible-batua.txt	Basque (Western Low Navarrese dialect).txt	ai	11649
eus-x-bible-batua.txt	Basque (Western Low Navarrese dialect).txt	ei	1551
eus-x-bible-batua.txt	Basque (Western Low Navarrese dialect).txt	oi	1062
eus-x-bible-batua.txt	Basque (Western Low Navarrese dialect).txt	ui	147
eus-x-bible-batua.txt	Basque (Western Low Navarrese dialect).txt	au	3971
eus-x-bible-batua.txt	Basque (Western Low Navarrese dialect).txt	eu	1124
